<?xml version="1.0" encoding="UTF-8"?>
<!-- Generated by org.testng.reporters.JUnitReportReporter -->
<testsuite hostname="DESKTOP-93JOP7J" failures="0" tests="6" name="api.test.DDTest" time="13.074" errors="0" timestamp="2024-08-13T11:15:26 IST" skipped="0">
  <testcase classname="api.test.DDTest" name="testPostUser" time="1.518"/>
  <testcase classname="api.test.DDTest" name="testPostUser" time="1.523"/>
  <testcase classname="api.test.DDTest" name="testPostUser" time="5.699"/>
  <testcase classname="api.test.DDTest" name="testDeleteUser" time="1.266"/>
  <testcase classname="api.test.DDTest" name="testDeleteUser" time="1.533"/>
  <testcase classname="api.test.DDTest" name="testDeleteUser" time="1.535"/>
</testsuite> <!-- api.test.DDTest -->
