<?xml version="1.0" encoding="UTF-8"?>
<!-- Generated by org.testng.reporters.JUnitReportReporter -->
<testsuite hostname="DESKTOP-93JOP7J" failures="0" tests="4" name="api.test.UserTests" time="9.566" errors="0" timestamp="2024-08-19T13:53:21 IST" skipped="0">
  <testcase classname="api.test.UserTests" name="testPostUserByName" time="3.615"/>
  <testcase classname="api.test.UserTests" name="testReadUserByName" time="1.653"/>
  <testcase classname="api.test.UserTests" name="testUpdateUserByName" time="2.938"/>
  <testcase classname="api.test.UserTests" name="testDeleteUserByName" time="1.360"/>
</testsuite> <!-- api.test.UserTests -->
