<?xml version="1.0" encoding="UTF-8"?>
<!-- Generated by org.testng.reporters.JUnitReportReporter -->
<testsuite hostname="DESKTOP-93JOP7J" failures="0" tests="4" name="api.test.UserTests2" time="10.459" errors="0" timestamp="2024-08-20T16:58:00 IST" skipped="0">
  <testcase classname="api.test.UserTests2" name="testPostUserByName" time="4.971"/>
  <testcase classname="api.test.UserTests2" name="testReadUserByName" time="1.369"/>
  <testcase classname="api.test.UserTests2" name="testUpdateUserByName" time="2.737"/>
  <testcase classname="api.test.UserTests2" name="testDeleteUserByName" time="1.382"/>
</testsuite> <!-- api.test.UserTests2 -->
