<?xml version="1.0" encoding="UTF-8"?>
<!-- Generated by org.testng.reporters.JUnitReportReporter -->
<testsuite hostname="DESKTOP-93JOP7J" failures="0" tests="4" name="api.test.UserTests2" time="12.420" errors="0" timestamp="2024-08-23T10:18:51 IST" skipped="0">
  <testcase classname="api.test.UserTests2" name="testPostUserByName" time="6.349"/>
  <testcase classname="api.test.UserTests2" name="testReadUserByName" time="1.533"/>
  <testcase classname="api.test.UserTests2" name="testUpdateUserByName" time="2.971"/>
  <testcase classname="api.test.UserTests2" name="testDeleteUserByName" time="1.567"/>
</testsuite> <!-- api.test.UserTests2 -->
